<?xml version="1.0" encoding="UTF-8"?>
<testsuite xmlns:xsi="http://www.w3.org/2001/XMLSchema-instance" xsi:noNamespaceSchemaLocation="https://maven.apache.org/surefire/maven-surefire-plugin/xsd/surefire-test-report.xsd" name="com.cross.events.EntityNotFountEventHandlerTest" time="0.674" tests="1" errors="0" skipped="0" failures="0">
  <properties>
    <property name="java.specification.version" value="13"/>
    <property name="sun.jnu.encoding" value="UTF-8"/>
    <property name="java.class.path" value="/home/danieleverling/project/pocs/learning-ddd-crqs-kotllin-quarkus/crosscutting/target/test-classes:/home/danieleverling/project/pocs/learning-ddd-crqs-kotllin-quarkus/crosscutting/target/classes:/home/danieleverling/.m2/repository/org/apache/commons/commons-lang3/3.9/commons-lang3-3.9.jar:/home/danieleverling/.m2/repository/org/jetbrains/kotlin/kotlin-stdlib-jdk8/1.3.72/kotlin-stdlib-jdk8-1.3.72.jar:/home/danieleverling/.m2/repository/org/jetbrains/kotlin/kotlin-stdlib/1.3.72/kotlin-stdlib-1.3.72.jar:/home/danieleverling/.m2/repository/org/jetbrains/kotlin/kotlin-stdlib-common/1.3.72/kotlin-stdlib-common-1.3.72.jar:/home/danieleverling/.m2/repository/org/jetbrains/annotations/13.0/annotations-13.0.jar:/home/danieleverling/.m2/repository/org/jetbrains/kotlin/kotlin-stdlib-jdk7/1.3.72/kotlin-stdlib-jdk7-1.3.72.jar:/home/danieleverling/.m2/repository/io/quarkus/quarkus-kotlin/1.5.0.Final/quarkus-kotlin-1.5.0.Final.jar:/home/danieleverling/.m2/repository/io/quarkus/quarkus-resteasy/1.5.0.Final/quarkus-resteasy-1.5.0.Final.jar:/home/danieleverling/.m2/repository/io/quarkus/quarkus-vertx-http/1.5.0.Final/quarkus-vertx-http-1.5.0.Final.jar:/home/danieleverling/.m2/repository/io/quarkus/quarkus-development-mode-spi/1.5.0.Final/quarkus-development-mode-spi-1.5.0.Final.jar:/home/danieleverling/.m2/repository/io/quarkus/security/quarkus-security/1.1.1.Final/quarkus-security-1.1.1.Final.jar:/home/danieleverling/.m2/repository/io/smallrye/reactive/mutiny/0.5.0/mutiny-0.5.0.jar:/home/danieleverling/.m2/repository/org/reactivestreams/reactive-streams/1.0.3/reactive-streams-1.0.3.jar:/home/danieleverling/.m2/repository/jakarta/enterprise/jakarta.enterprise.cdi-api/2.0.2/jakarta.enterprise.cdi-api-2.0.2.jar:/home/danieleverling/.m2/repository/jakarta/el/jakarta.el-api/3.0.3/jakarta.el-api-3.0.3.jar:/home/danieleverling/.m2/repository/jakarta/interceptor/jakarta.interceptor-api/1.2.5/jakarta.interceptor-api-1.2.5.jar:/home/danieleverling/.m2/repository/io/quarkus/quarkus-vertx-core/1.5.0.Final/quarkus-vertx-core-1.5.0.Final.jar:/home/danieleverling/.m2/repository/io/quarkus/quarkus-netty/1.5.0.Final/quarkus-netty-1.5.0.Final.jar:/home/danieleverling/.m2/repository/io/netty/netty-codec/4.1.49.Final/netty-codec-4.1.49.Final.jar:/home/danieleverling/.m2/repository/io/netty/netty-handler/4.1.49.Final/netty-handler-4.1.49.Final.jar:/home/danieleverling/.m2/repository/io/vertx/vertx-core/3.9.0/vertx-core-3.9.0.jar:/home/danieleverling/.m2/repository/io/netty/netty-common/4.1.49.Final/netty-common-4.1.49.Final.jar:/home/danieleverling/.m2/repository/io/netty/netty-buffer/4.1.49.Final/netty-buffer-4.1.49.Final.jar:/home/danieleverling/.m2/repository/io/netty/netty-transport/4.1.49.Final/netty-transport-4.1.49.Final.jar:/home/danieleverling/.m2/repository/io/netty/netty-handler-proxy/4.1.49.Final/netty-handler-proxy-4.1.49.Final.jar:/home/danieleverling/.m2/repository/io/netty/netty-codec-socks/4.1.49.Final/netty-codec-socks-4.1.49.Final.jar:/home/danieleverling/.m2/repository/io/netty/netty-codec-http/4.1.49.Final/netty-codec-http-4.1.49.Final.jar:/home/danieleverling/.m2/repository/io/netty/netty-codec-http2/4.1.49.Final/netty-codec-http2-4.1.49.Final.jar:/home/danieleverling/.m2/repository/io/netty/netty-resolver/4.1.49.Final/netty-resolver-4.1.49.Final.jar:/home/danieleverling/.m2/repository/io/netty/netty-resolver-dns/4.1.49.Final/netty-resolver-dns-4.1.49.Final.jar:/home/danieleverling/.m2/repository/io/netty/netty-codec-dns/4.1.49.Final/netty-codec-dns-4.1.49.Final.jar:/home/danieleverling/.m2/repository/io/vertx/vertx-web/3.9.0/vertx-web-3.9.0.jar:/home/danieleverling/.m2/repository/io/vertx/vertx-web-common/3.9.0/vertx-web-common-3.9.0.jar:/home/danieleverling/.m2/repository/io/vertx/vertx-auth-common/3.9.0/vertx-auth-common-3.9.0.jar:/home/danieleverling/.m2/repository/io/vertx/vertx-bridge-common/3.9.0/vertx-bridge-common-3.9.0.jar:/home/danieleverling/.m2/repository/io/quarkus/quarkus-resteasy-server-common/1.5.0.Final/quarkus-resteasy-server-common-1.5.0.Final.jar:/home/danieleverling/.m2/repository/io/quarkus/quarkus-resteasy-common/1.5.0.Final/quarkus-resteasy-common-1.5.0.Final.jar:/home/danieleverling/.m2/repository/org/jboss/resteasy/resteasy-core/4.5.3.Final/resteasy-core-4.5.3.Final.jar:/home/danieleverling/.m2/repository/org/jboss/spec/javax/ws/rs/jboss-jaxrs-api_2.1_spec/2.0.1.Final/jboss-jaxrs-api_2.1_spec-2.0.1.Final.jar:/home/danieleverling/.m2/repository/org/jboss/resteasy/resteasy-core-spi/4.5.3.Final/resteasy-core-spi-4.5.3.Final.jar:/home/danieleverling/.m2/repository/com/sun/activation/jakarta.activation/1.2.1/jakarta.activation-1.2.1.jar:/home/danieleverling/.m2/repository/jakarta/validation/jakarta.validation-api/2.0.2/jakarta.validation-api-2.0.2.jar:/home/danieleverling/.m2/repository/io/quarkus/quarkus-resteasy-jackson/1.5.0.Final/quarkus-resteasy-jackson-1.5.0.Final.jar:/home/danieleverling/.m2/repository/io/quarkus/quarkus-jackson/1.5.0.Final/quarkus-jackson-1.5.0.Final.jar:/home/danieleverling/.m2/repository/com/fasterxml/jackson/datatype/jackson-datatype-jsr310/2.10.4/jackson-datatype-jsr310-2.10.4.jar:/home/danieleverling/.m2/repository/com/fasterxml/jackson/module/jackson-module-parameter-names/2.10.4/jackson-module-parameter-names-2.10.4.jar:/home/danieleverling/.m2/repository/org/jboss/resteasy/resteasy-jackson2-provider/4.5.3.Final/resteasy-jackson2-provider-4.5.3.Final.jar:/home/danieleverling/.m2/repository/org/jboss/resteasy/resteasy-jaxb-provider/4.5.3.Final/resteasy-jaxb-provider-4.5.3.Final.jar:/home/danieleverling/.m2/repository/org/glassfish/jaxb/jaxb-runtime/2.3.3-b02/jaxb-runtime-2.3.3-b02.jar:/home/danieleverling/.m2/repository/org/glassfish/jaxb/txw2/2.3.3-b02/txw2-2.3.3-b02.jar:/home/danieleverling/.m2/repository/com/sun/istack/istack-commons-runtime/3.0.10/istack-commons-runtime-3.0.10.jar:/home/danieleverling/.m2/repository/com/fasterxml/jackson/jaxrs/jackson-jaxrs-json-provider/2.10.4/jackson-jaxrs-json-provider-2.10.4.jar:/home/danieleverling/.m2/repository/com/fasterxml/jackson/jaxrs/jackson-jaxrs-base/2.10.4/jackson-jaxrs-base-2.10.4.jar:/home/danieleverling/.m2/repository/com/fasterxml/jackson/module/jackson-module-jaxb-annotations/2.10.4/jackson-module-jaxb-annotations-2.10.4.jar:/home/danieleverling/.m2/repository/jakarta/activation/jakarta.activation-api/1.2.1/jakarta.activation-api-1.2.1.jar:/home/danieleverling/.m2/repository/com/github/fge/json-patch/1.9/json-patch-1.9.jar:/home/danieleverling/.m2/repository/com/github/fge/jackson-coreutils/1.6/jackson-coreutils-1.6.jar:/home/danieleverling/.m2/repository/com/github/fge/msg-simple/1.1/msg-simple-1.1.jar:/home/danieleverling/.m2/repository/com/github/fge/btf/1.2/btf-1.2.jar:/home/danieleverling/.m2/repository/com/google/guava/guava/27.0.1-jre/guava-27.0.1-jre.jar:/home/danieleverling/.m2/repository/com/google/guava/failureaccess/1.0.1/failureaccess-1.0.1.jar:/home/danieleverling/.m2/repository/com/google/guava/listenablefuture/9999.0-empty-to-avoid-conflict-with-guava/listenablefuture-9999.0-empty-to-avoid-conflict-with-guava.jar:/home/danieleverling/.m2/repository/org/jboss/logging/jboss-logging/3.3.2.Final/jboss-logging-3.3.2.Final.jar:/home/danieleverling/.m2/repository/org/jboss/spec/javax/xml/bind/jboss-jaxb-api_2.3_spec/2.0.0.Final/jboss-jaxb-api_2.3_spec-2.0.0.Final.jar:/home/danieleverling/.m2/repository/com/fasterxml/jackson/module/jackson-module-kotlin/2.10.4/jackson-module-kotlin-2.10.4.jar:/home/danieleverling/.m2/repository/com/fasterxml/jackson/core/jackson-databind/2.10.4/jackson-databind-2.10.4.jar:/home/danieleverling/.m2/repository/com/fasterxml/jackson/core/jackson-annotations/2.10.4/jackson-annotations-2.10.4.jar:/home/danieleverling/.m2/repository/org/jetbrains/kotlin/kotlin-reflect/1.3.72/kotlin-reflect-1.3.72.jar:/home/danieleverling/.m2/repository/com/fasterxml/jackson/datatype/jackson-datatype-jdk8/2.11.0/jackson-datatype-jdk8-2.11.0.jar:/home/danieleverling/.m2/repository/com/fasterxml/jackson/core/jackson-core/2.10.4/jackson-core-2.10.4.jar:/home/danieleverling/.m2/repository/io/quarkus/quarkus-flyway/1.5.0.Final/quarkus-flyway-1.5.0.Final.jar:/home/danieleverling/.m2/repository/io/quarkus/quarkus-core/1.5.0.Final/quarkus-core-1.5.0.Final.jar:/home/danieleverling/.m2/repository/jakarta/annotation/jakarta.annotation-api/1.3.5/jakarta.annotation-api-1.3.5.jar:/home/danieleverling/.m2/repository/io/quarkus/quarkus-ide-launcher/1.5.0.Final/quarkus-ide-launcher-1.5.0.Final.jar:/home/danieleverling/.m2/repository/io/smallrye/config/smallrye-config/1.7.0/smallrye-config-1.7.0.jar:/home/danieleverling/.m2/repository/io/smallrye/config/smallrye-config-common/1.7.0/smallrye-config-common-1.7.0.jar:/home/danieleverling/.m2/repository/org/jboss/logging/jboss-logging-annotations/2.1.0.Final/jboss-logging-annotations-2.1.0.Final.jar:/home/danieleverling/.m2/repository/org/jboss/threads/jboss-threads/3.1.1.Final/jboss-threads-3.1.1.Final.jar:/home/danieleverling/.m2/repository/org/jboss/slf4j/slf4j-jboss-logging/1.2.0.Final/slf4j-jboss-logging-1.2.0.Final.jar:/home/danieleverling/.m2/repository/org/graalvm/sdk/graal-sdk/19.3.1/graal-sdk-19.3.1.jar:/home/danieleverling/.m2/repository/org/wildfly/common/wildfly-common/1.5.4.Final-format-001/wildfly-common-1.5.4.Final-format-001.jar:/home/danieleverling/.m2/repository/io/quarkus/quarkus-bootstrap-runner/1.5.0.Final/quarkus-bootstrap-runner-1.5.0.Final.jar:/home/danieleverling/.m2/repository/org/flywaydb/flyway-core/6.4.2/flyway-core-6.4.2.jar:/home/danieleverling/.m2/repository/io/quarkus/quarkus-narayana-jta/1.5.0.Final/quarkus-narayana-jta-1.5.0.Final.jar:/home/danieleverling/.m2/repository/io/quarkus/quarkus-mutiny/1.5.0.Final/quarkus-mutiny-1.5.0.Final.jar:/home/danieleverling/.m2/repository/io/quarkus/quarkus-smallrye-context-propagation/1.5.0.Final/quarkus-smallrye-context-propagation-1.5.0.Final.jar:/home/danieleverling/.m2/repository/io/smallrye/smallrye-context-propagation/1.0.13/smallrye-context-propagation-1.0.13.jar:/home/danieleverling/.m2/repository/io/smallrye/smallrye-context-propagation-api/1.0.13/smallrye-context-propagation-api-1.0.13.jar:/home/danieleverling/.m2/repository/io/smallrye/reactive/mutiny-context-propagation/0.5.0/mutiny-context-propagation-0.5.0.jar:/home/danieleverling/.m2/repository/io/smallrye/smallrye-context-propagation-jta/1.0.13/smallrye-context-propagation-jta-1.0.13.jar:/home/danieleverling/.m2/repository/io/smallrye/reactive/smallrye-reactive-converter-api/1.0.12/smallrye-reactive-converter-api-1.0.12.jar:/home/danieleverling/.m2/repository/org/eclipse/microprofile/reactive-streams-operators/microprofile-reactive-streams-operators-api/1.0.1/microprofile-reactive-streams-operators-api-1.0.1.jar:/home/danieleverling/.m2/repository/org/eclipse/microprofile/reactive-streams-operators/microprofile-reactive-streams-operators-core/1.0.1/microprofile-reactive-streams-operators-core-1.0.1.jar:/home/danieleverling/.m2/repository/io/smallrye/reactive/smallrye-reactive-converter-mutiny/1.0.12/smallrye-reactive-converter-mutiny-1.0.12.jar:/home/danieleverling/.m2/repository/io/quarkus/quarkus-jdbc-postgresql/1.5.0.Final/quarkus-jdbc-postgresql-1.5.0.Final.jar:/home/danieleverling/.m2/repository/org/postgresql/postgresql/42.2.12/postgresql-42.2.12.jar:/home/danieleverling/.m2/repository/io/quarkus/quarkus-agroal/1.5.0.Final/quarkus-agroal-1.5.0.Final.jar:/home/danieleverling/.m2/repository/io/quarkus/quarkus-arc/1.5.0.Final/quarkus-arc-1.5.0.Final.jar:/home/danieleverling/.m2/repository/io/quarkus/arc/arc/1.5.0.Final/arc-1.5.0.Final.jar:/home/danieleverling/.m2/repository/org/eclipse/microprofile/context-propagation/microprofile-context-propagation-api/1.0.1/microprofile-context-propagation-api-1.0.1.jar:/home/danieleverling/.m2/repository/io/quarkus/quarkus-datasource/1.5.0.Final/quarkus-datasource-1.5.0.Final.jar:/home/danieleverling/.m2/repository/io/quarkus/quarkus-datasource-common/1.5.0.Final/quarkus-datasource-common-1.5.0.Final.jar:/home/danieleverling/.m2/repository/org/jboss/narayana/jta/narayana-jta/5.10.4.Final/narayana-jta-5.10.4.Final.jar:/home/danieleverling/.m2/repository/org/jboss/jboss-transaction-spi/7.6.0.Final/jboss-transaction-spi-7.6.0.Final.jar:/home/danieleverling/.m2/repository/org/jboss/spec/javax/resource/jboss-connector-api_1.7_spec/1.0.0.Final/jboss-connector-api_1.7_spec-1.0.0.Final.jar:/home/danieleverling/.m2/repository/org/jboss/narayana/jts/narayana-jts-integration/5.10.4.Final/narayana-jts-integration-5.10.4.Final.jar:/home/danieleverling/.m2/repository/jakarta/transaction/jakarta.transaction-api/1.3.3/jakarta.transaction-api-1.3.3.jar:/home/danieleverling/.m2/repository/io/agroal/agroal-api/1.8/agroal-api-1.8.jar:/home/danieleverling/.m2/repository/io/agroal/agroal-narayana/1.8/agroal-narayana-1.8.jar:/home/danieleverling/.m2/repository/io/agroal/agroal-pool/1.8/agroal-pool-1.8.jar:/home/danieleverling/.m2/repository/io/quarkus/quarkus-credentials/1.5.0.Final/quarkus-credentials-1.5.0.Final.jar:/home/danieleverling/.m2/repository/org/jetbrains/exposed/exposed-core/0.25.1/exposed-core-0.25.1.jar:/home/danieleverling/.m2/repository/org/jetbrains/kotlinx/kotlinx-coroutines-core/1.3.5/kotlinx-coroutines-core-1.3.5.jar:/home/danieleverling/.m2/repository/org/slf4j/slf4j-api/1.7.30/slf4j-api-1.7.30.jar:/home/danieleverling/.m2/repository/org/jetbrains/exposed/exposed-jdbc/0.25.1/exposed-jdbc-0.25.1.jar:/home/danieleverling/.m2/repository/org/jetbrains/exposed/exposed-java-time/0.25.1/exposed-java-time-0.25.1.jar:/home/danieleverling/.m2/repository/io/quarkus/quarkus-smallrye-openapi/1.5.0.Final/quarkus-smallrye-openapi-1.5.0.Final.jar:/home/danieleverling/.m2/repository/io/smallrye/smallrye-open-api/1.2.3/smallrye-open-api-1.2.3.jar:/home/danieleverling/.m2/repository/org/eclipse/microprofile/openapi/microprofile-openapi-api/1.1.2/microprofile-openapi-api-1.1.2.jar:/home/danieleverling/.m2/repository/com/fasterxml/jackson/dataformat/jackson-dataformat-yaml/2.10.4/jackson-dataformat-yaml-2.10.4.jar:/home/danieleverling/.m2/repository/org/yaml/snakeyaml/1.26/snakeyaml-1.26.jar:/home/danieleverling/.m2/repository/org/jboss/jandex/2.1.3.Final/jandex-2.1.3.Final.jar:/home/danieleverling/.m2/repository/io/quarkus/quarkus-swagger-ui/1.5.0.Final/quarkus-swagger-ui-1.5.0.Final.jar:/home/danieleverling/.m2/repository/io/quarkus/quarkus-smallrye-health/1.5.0.Final/quarkus-smallrye-health-1.5.0.Final.jar:/home/danieleverling/.m2/repository/io/smallrye/smallrye-health/2.2.1/smallrye-health-2.2.1.jar:/home/danieleverling/.m2/repository/org/eclipse/microprofile/health/microprofile-health-api/2.2/microprofile-health-api-2.2.jar:/home/danieleverling/.m2/repository/io/smallrye/smallrye-health-extension-api/2.2.1/smallrye-health-extension-api-2.2.1.jar:/home/danieleverling/.m2/repository/io/quarkus/quarkus-jsonp/1.5.0.Final/quarkus-jsonp-1.5.0.Final.jar:/home/danieleverling/.m2/repository/org/glassfish/jakarta.json/1.1.6/jakarta.json-1.1.6.jar:/home/danieleverling/.m2/repository/io/quarkus/quarkus-smallrye-metrics/1.5.0.Final/quarkus-smallrye-metrics-1.5.0.Final.jar:/home/danieleverling/.m2/repository/io/smallrye/smallrye-metrics/2.4.2/smallrye-metrics-2.4.2.jar:/home/danieleverling/.m2/repository/org/eclipse/microprofile/metrics/microprofile-metrics-api/2.3/microprofile-metrics-api-2.3.jar:/home/danieleverling/.m2/repository/io/quarkus/quarkus-smallrye-opentracing/1.5.0.Final/quarkus-smallrye-opentracing-1.5.0.Final.jar:/home/danieleverling/.m2/repository/org/eclipse/microprofile/config/microprofile-config-api/1.4/microprofile-config-api-1.4.jar:/home/danieleverling/.m2/repository/org/eclipse/microprofile/opentracing/microprofile-opentracing-api/1.3.3/microprofile-opentracing-api-1.3.3.jar:/home/danieleverling/.m2/repository/io/smallrye/smallrye-opentracing/1.3.4/smallrye-opentracing-1.3.4.jar:/home/danieleverling/.m2/repository/org/eclipse/microprofile/rest/client/microprofile-rest-client-api/1.4.1/microprofile-rest-client-api-1.4.1.jar:/home/danieleverling/.m2/repository/io/opentracing/opentracing-api/0.31.0/opentracing-api-0.31.0.jar:/home/danieleverling/.m2/repository/io/opentracing/contrib/opentracing-jaxrs2/0.4.1/opentracing-jaxrs2-0.4.1.jar:/home/danieleverling/.m2/repository/io/opentracing/opentracing-noop/0.31.0/opentracing-noop-0.31.0.jar:/home/danieleverling/.m2/repository/io/opentracing/contrib/opentracing-web-servlet-filter/0.2.3/opentracing-web-servlet-filter-0.2.3.jar:/home/danieleverling/.m2/repository/io/opentracing/contrib/opentracing-concurrent/0.2.0/opentracing-concurrent-0.2.0.jar:/home/danieleverling/.m2/repository/io/opentracing/contrib/opentracing-interceptors/0.0.4/opentracing-interceptors-0.0.4.jar:/home/danieleverling/.m2/repository/io/opentracing/contrib/opentracing-tracerresolver/0.1.8/opentracing-tracerresolver-0.1.8.jar:/home/danieleverling/.m2/repository/io/smallrye/smallrye-fault-tolerance-tracing-propagation/4.2.0/smallrye-fault-tolerance-tracing-propagation-4.2.0.jar:/home/danieleverling/.m2/repository/jakarta/inject/jakarta.inject-api/1.0/jakarta.inject-api-1.0.jar:/home/danieleverling/.m2/repository/io/quarkus/quarkus-jaeger/1.5.0.Final/quarkus-jaeger-1.5.0.Final.jar:/home/danieleverling/.m2/repository/io/jaegertracing/jaeger-core/0.34.0/jaeger-core-0.34.0.jar:/home/danieleverling/.m2/repository/io/opentracing/opentracing-util/0.31.0/opentracing-util-0.31.0.jar:/home/danieleverling/.m2/repository/com/google/code/gson/gson/2.8.5/gson-2.8.5.jar:/home/danieleverling/.m2/repository/io/jaegertracing/jaeger-thrift/0.34.0/jaeger-thrift-0.34.0.jar:/home/danieleverling/.m2/repository/org/apache/thrift/libthrift/0.12.0/libthrift-0.12.0.jar:/home/danieleverling/.m2/repository/com/squareup/okhttp3/okhttp/3.14.6/okhttp-3.14.6.jar:/home/danieleverling/.m2/repository/jakarta/servlet/jakarta.servlet-api/4.0.3/jakarta.servlet-api-4.0.3.jar:/home/danieleverling/.m2/repository/io/quarkus/quarkus-logging-json/1.5.0.Final/quarkus-logging-json-1.5.0.Final.jar:/home/danieleverling/.m2/repository/org/jboss/logmanager/jboss-logmanager-embedded/1.0.4/jboss-logmanager-embedded-1.0.4.jar:/home/danieleverling/.m2/repository/io/quarkus/quarkus-junit5/1.5.0.Final/quarkus-junit5-1.5.0.Final.jar:/home/danieleverling/.m2/repository/io/quarkus/quarkus-bootstrap-core/1.5.0.Final/quarkus-bootstrap-core-1.5.0.Final.jar:/home/danieleverling/.m2/repository/org/ow2/asm/asm/8.0.1/asm-8.0.1.jar:/home/danieleverling/.m2/repository/org/apache/maven/maven-embedder/3.6.3/maven-embedder-3.6.3.jar:/home/danieleverling/.m2/repository/org/apache/maven/maven-settings/3.6.3/maven-settings-3.6.3.jar:/home/danieleverling/.m2/repository/org/apache/maven/maven-core/3.6.3/maven-core-3.6.3.jar:/home/danieleverling/.m2/repository/org/apache/maven/maven-artifact/3.6.2/maven-artifact-3.6.2.jar:/home/danieleverling/.m2/repository/org/codehaus/plexus/plexus-component-annotations/2.1.0/plexus-component-annotations-2.1.0.jar:/home/danieleverling/.m2/repository/org/apache/maven/maven-plugin-api/3.6.3/maven-plugin-api-3.6.3.jar:/home/danieleverling/.m2/repository/org/apache/maven/maven-model/3.6.3/maven-model-3.6.3.jar:/home/danieleverling/.m2/repository/org/apache/maven/maven-model-builder/3.6.3/maven-model-builder-3.6.3.jar:/home/danieleverling/.m2/repository/org/apache/maven/maven-builder-support/3.6.3/maven-builder-support-3.6.3.jar:/home/danieleverling/.m2/repository/org/apache/maven/resolver/maven-resolver-api/1.4.1/maven-resolver-api-1.4.1.jar:/home/danieleverling/.m2/repository/org/apache/maven/resolver/maven-resolver-util/1.4.1/maven-resolver-util-1.4.1.jar:/home/danieleverling/.m2/repository/org/apache/maven/shared/maven-shared-utils/3.2.1/maven-shared-utils-3.2.1.jar:/home/danieleverling/.m2/repository/commons-io/commons-io/2.6/commons-io-2.6.jar:/home/danieleverling/.m2/repository/com/google/inject/guice/4.2.1/guice-4.2.1-no_aop.jar:/home/danieleverling/.m2/repository/org/codehaus/plexus/plexus-utils/3.2.1/plexus-utils-3.2.1.jar:/home/danieleverling/.m2/repository/org/codehaus/plexus/plexus-classworlds/2.5.2/plexus-classworlds-2.5.2.jar:/home/danieleverling/.m2/repository/commons-cli/commons-cli/1.4/commons-cli-1.4.jar:/home/danieleverling/.m2/repository/org/eclipse/sisu/org.eclipse.sisu.plexus/0.3.4/org.eclipse.sisu.plexus-0.3.4.jar:/home/danieleverling/.m2/repository/org/apache/maven/maven-settings-builder/3.6.3/maven-settings-builder-3.6.3.jar:/home/danieleverling/.m2/repository/org/codehaus/plexus/plexus-interpolation/1.25/plexus-interpolation-1.25.jar:/home/danieleverling/.m2/repository/org/sonatype/plexus/plexus-sec-dispatcher/1.4/plexus-sec-dispatcher-1.4.jar:/home/danieleverling/.m2/repository/org/sonatype/plexus/plexus-cipher/1.4/plexus-cipher-1.4.jar:/home/danieleverling/.m2/repository/org/apache/maven/maven-resolver-provider/3.6.3/maven-resolver-provider-3.6.3.jar:/home/danieleverling/.m2/repository/org/apache/maven/maven-repository-metadata/3.6.3/maven-repository-metadata-3.6.3.jar:/home/danieleverling/.m2/repository/org/apache/maven/resolver/maven-resolver-spi/1.4.1/maven-resolver-spi-1.4.1.jar:/home/danieleverling/.m2/repository/org/apache/maven/resolver/maven-resolver-impl/1.4.1/maven-resolver-impl-1.4.1.jar:/home/danieleverling/.m2/repository/org/apache/maven/resolver/maven-resolver-connector-basic/1.4.1/maven-resolver-connector-basic-1.4.1.jar:/home/danieleverling/.m2/repository/org/apache/maven/resolver/maven-resolver-transport-wagon/1.4.1/maven-resolver-transport-wagon-1.4.1.jar:/home/danieleverling/.m2/repository/org/apache/maven/wagon/wagon-http/3.3.4/wagon-http-3.3.4.jar:/home/danieleverling/.m2/repository/org/apache/maven/wagon/wagon-http-shared/3.3.4/wagon-http-shared-3.3.4.jar:/home/danieleverling/.m2/repository/org/jsoup/jsoup/1.12.1/jsoup-1.12.1.jar:/home/danieleverling/.m2/repository/org/apache/httpcomponents/httpclient/4.5.12/httpclient-4.5.12.jar:/home/danieleverling/.m2/repository/commons-codec/commons-codec/1.14/commons-codec-1.14.jar:/home/danieleverling/.m2/repository/org/apache/httpcomponents/httpcore/4.4.13/httpcore-4.4.13.jar:/home/danieleverling/.m2/repository/org/apache/maven/wagon/wagon-provider-api/3.3.4/wagon-provider-api-3.3.4.jar:/home/danieleverling/.m2/repository/org/apache/maven/wagon/wagon-file/3.3.4/wagon-file-3.3.4.jar:/home/danieleverling/.m2/repository/org/jboss/logging/commons-logging-jboss-logging/1.0.0.Final/commons-logging-jboss-logging-1.0.0.Final.jar:/home/danieleverling/.m2/repository/org/eclipse/sisu/org.eclipse.sisu.inject/0.3.4/org.eclipse.sisu.inject-0.3.4.jar:/home/danieleverling/.m2/repository/io/quarkus/quarkus-test-common/1.5.0.Final/quarkus-test-common-1.5.0.Final.jar:/home/danieleverling/.m2/repository/io/quarkus/quarkus-core-deployment/1.5.0.Final/quarkus-core-deployment-1.5.0.Final.jar:/home/danieleverling/.m2/repository/io/quarkus/gizmo/gizmo/1.0.3.Final/gizmo-1.0.3.Final.jar:/home/danieleverling/.m2/repository/org/ow2/asm/asm-util/8.0.1/asm-util-8.0.1.jar:/home/danieleverling/.m2/repository/org/ow2/asm/asm-tree/8.0.1/asm-tree-8.0.1.jar:/home/danieleverling/.m2/repository/org/ow2/asm/asm-analysis/8.0.1/asm-analysis-8.0.1.jar:/home/danieleverling/.m2/repository/io/quarkus/quarkus-builder/1.5.0.Final/quarkus-builder-1.5.0.Final.jar:/home/danieleverling/.m2/repository/io/quarkus/quarkus-jsonp-deployment/1.5.0.Final/quarkus-jsonp-deployment-1.5.0.Final.jar:/home/danieleverling/.m2/repository/org/junit/jupiter/junit-jupiter/5.6.2/junit-jupiter-5.6.2.jar:/home/danieleverling/.m2/repository/org/junit/jupiter/junit-jupiter-api/5.6.2/junit-jupiter-api-5.6.2.jar:/home/danieleverling/.m2/repository/org/apiguardian/apiguardian-api/1.1.0/apiguardian-api-1.1.0.jar:/home/danieleverling/.m2/repository/org/opentest4j/opentest4j/1.2.0/opentest4j-1.2.0.jar:/home/danieleverling/.m2/repository/org/junit/platform/junit-platform-commons/1.6.2/junit-platform-commons-1.6.2.jar:/home/danieleverling/.m2/repository/org/junit/jupiter/junit-jupiter-params/5.6.2/junit-jupiter-params-5.6.2.jar:/home/danieleverling/.m2/repository/org/junit/jupiter/junit-jupiter-engine/5.6.2/junit-jupiter-engine-5.6.2.jar:/home/danieleverling/.m2/repository/org/junit/platform/junit-platform-engine/1.6.2/junit-platform-engine-1.6.2.jar:/home/danieleverling/.m2/repository/com/thoughtworks/xstream/xstream/1.4.11.1/xstream-1.4.11.1.jar:/home/danieleverling/.m2/repository/xmlpull/xmlpull/1.1.3.1/xmlpull-1.1.3.1.jar:/home/danieleverling/.m2/repository/xpp3/xpp3_min/1.1.4c/xpp3_min-1.1.4c.jar:/home/danieleverling/.m2/repository/com/nhaarman/mockito-kotlin/1.6.0/mockito-kotlin-1.6.0.jar:/home/danieleverling/.m2/repository/org/mockito/mockito-core/3.3.3/mockito-core-3.3.3.jar:/home/danieleverling/.m2/repository/net/bytebuddy/byte-buddy/1.10.5/byte-buddy-1.10.5.jar:/home/danieleverling/.m2/repository/net/bytebuddy/byte-buddy-agent/1.10.5/byte-buddy-agent-1.10.5.jar:/home/danieleverling/.m2/repository/org/objenesis/objenesis/2.6/objenesis-2.6.jar:/home/danieleverling/.m2/repository/org/amshove/kluent/kluent/1.61/kluent-1.61.jar:/home/danieleverling/.m2/repository/org/amshove/kluent/kluent-common/1.61/kluent-common-1.61.jar:/home/danieleverling/.m2/repository/org/jetbrains/kotlin/kotlin-test-common/1.3.50/kotlin-test-common-1.3.50.jar:/home/danieleverling/.m2/repository/org/jetbrains/kotlin/kotlin-test/1.3.50/kotlin-test-1.3.50.jar:/home/danieleverling/.m2/repository/junit/junit/4.12/junit-4.12.jar:/home/danieleverling/.m2/repository/org/hamcrest/hamcrest-core/1.3/hamcrest-core-1.3.jar:/home/danieleverling/.m2/repository/com/nhaarman/mockitokotlin2/mockito-kotlin/2.1.0/mockito-kotlin-2.1.0.jar:/home/danieleverling/.m2/repository/com/squareup/okhttp/okhttp/2.7.5/okhttp-2.7.5.jar:/home/danieleverling/.m2/repository/com/squareup/okio/okio/1.17.2/okio-1.17.2.jar:/home/danieleverling/.m2/repository/org/skyscreamer/jsonassert/1.5.0/jsonassert-1.5.0.jar:/home/danieleverling/.m2/repository/com/vaadin/external/google/android-json/0.0.20131108.vaadin1/android-json-0.0.20131108.vaadin1.jar:"/>
    <property name="java.vm.vendor" value="Oracle Corporation"/>
    <property name="sun.arch.data.model" value="64"/>
    <property name="java.vendor.url" value="https://java.oracle.com/"/>
    <property name="user.country.format" value="BR"/>
    <property name="os.name" value="Linux"/>
    <property name="java.vm.specification.version" value="13"/>
    <property name="sun.java.launcher" value="SUN_STANDARD"/>
    <property name="user.country" value="US"/>
    <property name="sun.boot.library.path" value="/home/danieleverling/.sdkman/candidates/java/13.0.1-open/lib"/>
    <property name="sun.java.command" value="/home/danieleverling/project/pocs/learning-ddd-crqs-kotllin-quarkus/crosscutting/target/surefire/surefirebooter3482921084124493412.jar /home/danieleverling/project/pocs/learning-ddd-crqs-kotllin-quarkus/crosscutting/target/surefire 2020-06-19T19-20-29_360-jvmRun1 surefire4514955950752440789tmp surefire_014536038762217065834tmp"/>
    <property name="jdk.debug" value="release"/>
    <property name="surefire.test.class.path" value="/home/danieleverling/project/pocs/learning-ddd-crqs-kotllin-quarkus/crosscutting/target/test-classes:/home/danieleverling/project/pocs/learning-ddd-crqs-kotllin-quarkus/crosscutting/target/classes:/home/danieleverling/.m2/repository/org/apache/commons/commons-lang3/3.9/commons-lang3-3.9.jar:/home/danieleverling/.m2/repository/org/jetbrains/kotlin/kotlin-stdlib-jdk8/1.3.72/kotlin-stdlib-jdk8-1.3.72.jar:/home/danieleverling/.m2/repository/org/jetbrains/kotlin/kotlin-stdlib/1.3.72/kotlin-stdlib-1.3.72.jar:/home/danieleverling/.m2/repository/org/jetbrains/kotlin/kotlin-stdlib-common/1.3.72/kotlin-stdlib-common-1.3.72.jar:/home/danieleverling/.m2/repository/org/jetbrains/annotations/13.0/annotations-13.0.jar:/home/danieleverling/.m2/repository/org/jetbrains/kotlin/kotlin-stdlib-jdk7/1.3.72/kotlin-stdlib-jdk7-1.3.72.jar:/home/danieleverling/.m2/repository/io/quarkus/quarkus-kotlin/1.5.0.Final/quarkus-kotlin-1.5.0.Final.jar:/home/danieleverling/.m2/repository/io/quarkus/quarkus-resteasy/1.5.0.Final/quarkus-resteasy-1.5.0.Final.jar:/home/danieleverling/.m2/repository/io/quarkus/quarkus-vertx-http/1.5.0.Final/quarkus-vertx-http-1.5.0.Final.jar:/home/danieleverling/.m2/repository/io/quarkus/quarkus-development-mode-spi/1.5.0.Final/quarkus-development-mode-spi-1.5.0.Final.jar:/home/danieleverling/.m2/repository/io/quarkus/security/quarkus-security/1.1.1.Final/quarkus-security-1.1.1.Final.jar:/home/danieleverling/.m2/repository/io/smallrye/reactive/mutiny/0.5.0/mutiny-0.5.0.jar:/home/danieleverling/.m2/repository/org/reactivestreams/reactive-streams/1.0.3/reactive-streams-1.0.3.jar:/home/danieleverling/.m2/repository/jakarta/enterprise/jakarta.enterprise.cdi-api/2.0.2/jakarta.enterprise.cdi-api-2.0.2.jar:/home/danieleverling/.m2/repository/jakarta/el/jakarta.el-api/3.0.3/jakarta.el-api-3.0.3.jar:/home/danieleverling/.m2/repository/jakarta/interceptor/jakarta.interceptor-api/1.2.5/jakarta.interceptor-api-1.2.5.jar:/home/danieleverling/.m2/repository/io/quarkus/quarkus-vertx-core/1.5.0.Final/quarkus-vertx-core-1.5.0.Final.jar:/home/danieleverling/.m2/repository/io/quarkus/quarkus-netty/1.5.0.Final/quarkus-netty-1.5.0.Final.jar:/home/danieleverling/.m2/repository/io/netty/netty-codec/4.1.49.Final/netty-codec-4.1.49.Final.jar:/home/danieleverling/.m2/repository/io/netty/netty-handler/4.1.49.Final/netty-handler-4.1.49.Final.jar:/home/danieleverling/.m2/repository/io/vertx/vertx-core/3.9.0/vertx-core-3.9.0.jar:/home/danieleverling/.m2/repository/io/netty/netty-common/4.1.49.Final/netty-common-4.1.49.Final.jar:/home/danieleverling/.m2/repository/io/netty/netty-buffer/4.1.49.Final/netty-buffer-4.1.49.Final.jar:/home/danieleverling/.m2/repository/io/netty/netty-transport/4.1.49.Final/netty-transport-4.1.49.Final.jar:/home/danieleverling/.m2/repository/io/netty/netty-handler-proxy/4.1.49.Final/netty-handler-proxy-4.1.49.Final.jar:/home/danieleverling/.m2/repository/io/netty/netty-codec-socks/4.1.49.Final/netty-codec-socks-4.1.49.Final.jar:/home/danieleverling/.m2/repository/io/netty/netty-codec-http/4.1.49.Final/netty-codec-http-4.1.49.Final.jar:/home/danieleverling/.m2/repository/io/netty/netty-codec-http2/4.1.49.Final/netty-codec-http2-4.1.49.Final.jar:/home/danieleverling/.m2/repository/io/netty/netty-resolver/4.1.49.Final/netty-resolver-4.1.49.Final.jar:/home/danieleverling/.m2/repository/io/netty/netty-resolver-dns/4.1.49.Final/netty-resolver-dns-4.1.49.Final.jar:/home/danieleverling/.m2/repository/io/netty/netty-codec-dns/4.1.49.Final/netty-codec-dns-4.1.49.Final.jar:/home/danieleverling/.m2/repository/io/vertx/vertx-web/3.9.0/vertx-web-3.9.0.jar:/home/danieleverling/.m2/repository/io/vertx/vertx-web-common/3.9.0/vertx-web-common-3.9.0.jar:/home/danieleverling/.m2/repository/io/vertx/vertx-auth-common/3.9.0/vertx-auth-common-3.9.0.jar:/home/danieleverling/.m2/repository/io/vertx/vertx-bridge-common/3.9.0/vertx-bridge-common-3.9.0.jar:/home/danieleverling/.m2/repository/io/quarkus/quarkus-resteasy-server-common/1.5.0.Final/quarkus-resteasy-server-common-1.5.0.Final.jar:/home/danieleverling/.m2/repository/io/quarkus/quarkus-resteasy-common/1.5.0.Final/quarkus-resteasy-common-1.5.0.Final.jar:/home/danieleverling/.m2/repository/org/jboss/resteasy/resteasy-core/4.5.3.Final/resteasy-core-4.5.3.Final.jar:/home/danieleverling/.m2/repository/org/jboss/spec/javax/ws/rs/jboss-jaxrs-api_2.1_spec/2.0.1.Final/jboss-jaxrs-api_2.1_spec-2.0.1.Final.jar:/home/danieleverling/.m2/repository/org/jboss/resteasy/resteasy-core-spi/4.5.3.Final/resteasy-core-spi-4.5.3.Final.jar:/home/danieleverling/.m2/repository/com/sun/activation/jakarta.activation/1.2.1/jakarta.activation-1.2.1.jar:/home/danieleverling/.m2/repository/jakarta/validation/jakarta.validation-api/2.0.2/jakarta.validation-api-2.0.2.jar:/home/danieleverling/.m2/repository/io/quarkus/quarkus-resteasy-jackson/1.5.0.Final/quarkus-resteasy-jackson-1.5.0.Final.jar:/home/danieleverling/.m2/repository/io/quarkus/quarkus-jackson/1.5.0.Final/quarkus-jackson-1.5.0.Final.jar:/home/danieleverling/.m2/repository/com/fasterxml/jackson/datatype/jackson-datatype-jsr310/2.10.4/jackson-datatype-jsr310-2.10.4.jar:/home/danieleverling/.m2/repository/com/fasterxml/jackson/module/jackson-module-parameter-names/2.10.4/jackson-module-parameter-names-2.10.4.jar:/home/danieleverling/.m2/repository/org/jboss/resteasy/resteasy-jackson2-provider/4.5.3.Final/resteasy-jackson2-provider-4.5.3.Final.jar:/home/danieleverling/.m2/repository/org/jboss/resteasy/resteasy-jaxb-provider/4.5.3.Final/resteasy-jaxb-provider-4.5.3.Final.jar:/home/danieleverling/.m2/repository/org/glassfish/jaxb/jaxb-runtime/2.3.3-b02/jaxb-runtime-2.3.3-b02.jar:/home/danieleverling/.m2/repository/org/glassfish/jaxb/txw2/2.3.3-b02/txw2-2.3.3-b02.jar:/home/danieleverling/.m2/repository/com/sun/istack/istack-commons-runtime/3.0.10/istack-commons-runtime-3.0.10.jar:/home/danieleverling/.m2/repository/com/fasterxml/jackson/jaxrs/jackson-jaxrs-json-provider/2.10.4/jackson-jaxrs-json-provider-2.10.4.jar:/home/danieleverling/.m2/repository/com/fasterxml/jackson/jaxrs/jackson-jaxrs-base/2.10.4/jackson-jaxrs-base-2.10.4.jar:/home/danieleverling/.m2/repository/com/fasterxml/jackson/module/jackson-module-jaxb-annotations/2.10.4/jackson-module-jaxb-annotations-2.10.4.jar:/home/danieleverling/.m2/repository/jakarta/activation/jakarta.activation-api/1.2.1/jakarta.activation-api-1.2.1.jar:/home/danieleverling/.m2/repository/com/github/fge/json-patch/1.9/json-patch-1.9.jar:/home/danieleverling/.m2/repository/com/github/fge/jackson-coreutils/1.6/jackson-coreutils-1.6.jar:/home/danieleverling/.m2/repository/com/github/fge/msg-simple/1.1/msg-simple-1.1.jar:/home/danieleverling/.m2/repository/com/github/fge/btf/1.2/btf-1.2.jar:/home/danieleverling/.m2/repository/com/google/guava/guava/27.0.1-jre/guava-27.0.1-jre.jar:/home/danieleverling/.m2/repository/com/google/guava/failureaccess/1.0.1/failureaccess-1.0.1.jar:/home/danieleverling/.m2/repository/com/google/guava/listenablefuture/9999.0-empty-to-avoid-conflict-with-guava/listenablefuture-9999.0-empty-to-avoid-conflict-with-guava.jar:/home/danieleverling/.m2/repository/org/jboss/logging/jboss-logging/3.3.2.Final/jboss-logging-3.3.2.Final.jar:/home/danieleverling/.m2/repository/org/jboss/spec/javax/xml/bind/jboss-jaxb-api_2.3_spec/2.0.0.Final/jboss-jaxb-api_2.3_spec-2.0.0.Final.jar:/home/danieleverling/.m2/repository/com/fasterxml/jackson/module/jackson-module-kotlin/2.10.4/jackson-module-kotlin-2.10.4.jar:/home/danieleverling/.m2/repository/com/fasterxml/jackson/core/jackson-databind/2.10.4/jackson-databind-2.10.4.jar:/home/danieleverling/.m2/repository/com/fasterxml/jackson/core/jackson-annotations/2.10.4/jackson-annotations-2.10.4.jar:/home/danieleverling/.m2/repository/org/jetbrains/kotlin/kotlin-reflect/1.3.72/kotlin-reflect-1.3.72.jar:/home/danieleverling/.m2/repository/com/fasterxml/jackson/datatype/jackson-datatype-jdk8/2.11.0/jackson-datatype-jdk8-2.11.0.jar:/home/danieleverling/.m2/repository/com/fasterxml/jackson/core/jackson-core/2.10.4/jackson-core-2.10.4.jar:/home/danieleverling/.m2/repository/io/quarkus/quarkus-flyway/1.5.0.Final/quarkus-flyway-1.5.0.Final.jar:/home/danieleverling/.m2/repository/io/quarkus/quarkus-core/1.5.0.Final/quarkus-core-1.5.0.Final.jar:/home/danieleverling/.m2/repository/jakarta/annotation/jakarta.annotation-api/1.3.5/jakarta.annotation-api-1.3.5.jar:/home/danieleverling/.m2/repository/io/quarkus/quarkus-ide-launcher/1.5.0.Final/quarkus-ide-launcher-1.5.0.Final.jar:/home/danieleverling/.m2/repository/io/smallrye/config/smallrye-config/1.7.0/smallrye-config-1.7.0.jar:/home/danieleverling/.m2/repository/io/smallrye/config/smallrye-config-common/1.7.0/smallrye-config-common-1.7.0.jar:/home/danieleverling/.m2/repository/org/jboss/logging/jboss-logging-annotations/2.1.0.Final/jboss-logging-annotations-2.1.0.Final.jar:/home/danieleverling/.m2/repository/org/jboss/threads/jboss-threads/3.1.1.Final/jboss-threads-3.1.1.Final.jar:/home/danieleverling/.m2/repository/org/jboss/slf4j/slf4j-jboss-logging/1.2.0.Final/slf4j-jboss-logging-1.2.0.Final.jar:/home/danieleverling/.m2/repository/org/graalvm/sdk/graal-sdk/19.3.1/graal-sdk-19.3.1.jar:/home/danieleverling/.m2/repository/org/wildfly/common/wildfly-common/1.5.4.Final-format-001/wildfly-common-1.5.4.Final-format-001.jar:/home/danieleverling/.m2/repository/io/quarkus/quarkus-bootstrap-runner/1.5.0.Final/quarkus-bootstrap-runner-1.5.0.Final.jar:/home/danieleverling/.m2/repository/org/flywaydb/flyway-core/6.4.2/flyway-core-6.4.2.jar:/home/danieleverling/.m2/repository/io/quarkus/quarkus-narayana-jta/1.5.0.Final/quarkus-narayana-jta-1.5.0.Final.jar:/home/danieleverling/.m2/repository/io/quarkus/quarkus-mutiny/1.5.0.Final/quarkus-mutiny-1.5.0.Final.jar:/home/danieleverling/.m2/repository/io/quarkus/quarkus-smallrye-context-propagation/1.5.0.Final/quarkus-smallrye-context-propagation-1.5.0.Final.jar:/home/danieleverling/.m2/repository/io/smallrye/smallrye-context-propagation/1.0.13/smallrye-context-propagation-1.0.13.jar:/home/danieleverling/.m2/repository/io/smallrye/smallrye-context-propagation-api/1.0.13/smallrye-context-propagation-api-1.0.13.jar:/home/danieleverling/.m2/repository/io/smallrye/reactive/mutiny-context-propagation/0.5.0/mutiny-context-propagation-0.5.0.jar:/home/danieleverling/.m2/repository/io/smallrye/smallrye-context-propagation-jta/1.0.13/smallrye-context-propagation-jta-1.0.13.jar:/home/danieleverling/.m2/repository/io/smallrye/reactive/smallrye-reactive-converter-api/1.0.12/smallrye-reactive-converter-api-1.0.12.jar:/home/danieleverling/.m2/repository/org/eclipse/microprofile/reactive-streams-operators/microprofile-reactive-streams-operators-api/1.0.1/microprofile-reactive-streams-operators-api-1.0.1.jar:/home/danieleverling/.m2/repository/org/eclipse/microprofile/reactive-streams-operators/microprofile-reactive-streams-operators-core/1.0.1/microprofile-reactive-streams-operators-core-1.0.1.jar:/home/danieleverling/.m2/repository/io/smallrye/reactive/smallrye-reactive-converter-mutiny/1.0.12/smallrye-reactive-converter-mutiny-1.0.12.jar:/home/danieleverling/.m2/repository/io/quarkus/quarkus-jdbc-postgresql/1.5.0.Final/quarkus-jdbc-postgresql-1.5.0.Final.jar:/home/danieleverling/.m2/repository/org/postgresql/postgresql/42.2.12/postgresql-42.2.12.jar:/home/danieleverling/.m2/repository/io/quarkus/quarkus-agroal/1.5.0.Final/quarkus-agroal-1.5.0.Final.jar:/home/danieleverling/.m2/repository/io/quarkus/quarkus-arc/1.5.0.Final/quarkus-arc-1.5.0.Final.jar:/home/danieleverling/.m2/repository/io/quarkus/arc/arc/1.5.0.Final/arc-1.5.0.Final.jar:/home/danieleverling/.m2/repository/org/eclipse/microprofile/context-propagation/microprofile-context-propagation-api/1.0.1/microprofile-context-propagation-api-1.0.1.jar:/home/danieleverling/.m2/repository/io/quarkus/quarkus-datasource/1.5.0.Final/quarkus-datasource-1.5.0.Final.jar:/home/danieleverling/.m2/repository/io/quarkus/quarkus-datasource-common/1.5.0.Final/quarkus-datasource-common-1.5.0.Final.jar:/home/danieleverling/.m2/repository/org/jboss/narayana/jta/narayana-jta/5.10.4.Final/narayana-jta-5.10.4.Final.jar:/home/danieleverling/.m2/repository/org/jboss/jboss-transaction-spi/7.6.0.Final/jboss-transaction-spi-7.6.0.Final.jar:/home/danieleverling/.m2/repository/org/jboss/spec/javax/resource/jboss-connector-api_1.7_spec/1.0.0.Final/jboss-connector-api_1.7_spec-1.0.0.Final.jar:/home/danieleverling/.m2/repository/org/jboss/narayana/jts/narayana-jts-integration/5.10.4.Final/narayana-jts-integration-5.10.4.Final.jar:/home/danieleverling/.m2/repository/jakarta/transaction/jakarta.transaction-api/1.3.3/jakarta.transaction-api-1.3.3.jar:/home/danieleverling/.m2/repository/io/agroal/agroal-api/1.8/agroal-api-1.8.jar:/home/danieleverling/.m2/repository/io/agroal/agroal-narayana/1.8/agroal-narayana-1.8.jar:/home/danieleverling/.m2/repository/io/agroal/agroal-pool/1.8/agroal-pool-1.8.jar:/home/danieleverling/.m2/repository/io/quarkus/quarkus-credentials/1.5.0.Final/quarkus-credentials-1.5.0.Final.jar:/home/danieleverling/.m2/repository/org/jetbrains/exposed/exposed-core/0.25.1/exposed-core-0.25.1.jar:/home/danieleverling/.m2/repository/org/jetbrains/kotlinx/kotlinx-coroutines-core/1.3.5/kotlinx-coroutines-core-1.3.5.jar:/home/danieleverling/.m2/repository/org/slf4j/slf4j-api/1.7.30/slf4j-api-1.7.30.jar:/home/danieleverling/.m2/repository/org/jetbrains/exposed/exposed-jdbc/0.25.1/exposed-jdbc-0.25.1.jar:/home/danieleverling/.m2/repository/org/jetbrains/exposed/exposed-java-time/0.25.1/exposed-java-time-0.25.1.jar:/home/danieleverling/.m2/repository/io/quarkus/quarkus-smallrye-openapi/1.5.0.Final/quarkus-smallrye-openapi-1.5.0.Final.jar:/home/danieleverling/.m2/repository/io/smallrye/smallrye-open-api/1.2.3/smallrye-open-api-1.2.3.jar:/home/danieleverling/.m2/repository/org/eclipse/microprofile/openapi/microprofile-openapi-api/1.1.2/microprofile-openapi-api-1.1.2.jar:/home/danieleverling/.m2/repository/com/fasterxml/jackson/dataformat/jackson-dataformat-yaml/2.10.4/jackson-dataformat-yaml-2.10.4.jar:/home/danieleverling/.m2/repository/org/yaml/snakeyaml/1.26/snakeyaml-1.26.jar:/home/danieleverling/.m2/repository/org/jboss/jandex/2.1.3.Final/jandex-2.1.3.Final.jar:/home/danieleverling/.m2/repository/io/quarkus/quarkus-swagger-ui/1.5.0.Final/quarkus-swagger-ui-1.5.0.Final.jar:/home/danieleverling/.m2/repository/io/quarkus/quarkus-smallrye-health/1.5.0.Final/quarkus-smallrye-health-1.5.0.Final.jar:/home/danieleverling/.m2/repository/io/smallrye/smallrye-health/2.2.1/smallrye-health-2.2.1.jar:/home/danieleverling/.m2/repository/org/eclipse/microprofile/health/microprofile-health-api/2.2/microprofile-health-api-2.2.jar:/home/danieleverling/.m2/repository/io/smallrye/smallrye-health-extension-api/2.2.1/smallrye-health-extension-api-2.2.1.jar:/home/danieleverling/.m2/repository/io/quarkus/quarkus-jsonp/1.5.0.Final/quarkus-jsonp-1.5.0.Final.jar:/home/danieleverling/.m2/repository/org/glassfish/jakarta.json/1.1.6/jakarta.json-1.1.6.jar:/home/danieleverling/.m2/repository/io/quarkus/quarkus-smallrye-metrics/1.5.0.Final/quarkus-smallrye-metrics-1.5.0.Final.jar:/home/danieleverling/.m2/repository/io/smallrye/smallrye-metrics/2.4.2/smallrye-metrics-2.4.2.jar:/home/danieleverling/.m2/repository/org/eclipse/microprofile/metrics/microprofile-metrics-api/2.3/microprofile-metrics-api-2.3.jar:/home/danieleverling/.m2/repository/io/quarkus/quarkus-smallrye-opentracing/1.5.0.Final/quarkus-smallrye-opentracing-1.5.0.Final.jar:/home/danieleverling/.m2/repository/org/eclipse/microprofile/config/microprofile-config-api/1.4/microprofile-config-api-1.4.jar:/home/danieleverling/.m2/repository/org/eclipse/microprofile/opentracing/microprofile-opentracing-api/1.3.3/microprofile-opentracing-api-1.3.3.jar:/home/danieleverling/.m2/repository/io/smallrye/smallrye-opentracing/1.3.4/smallrye-opentracing-1.3.4.jar:/home/danieleverling/.m2/repository/org/eclipse/microprofile/rest/client/microprofile-rest-client-api/1.4.1/microprofile-rest-client-api-1.4.1.jar:/home/danieleverling/.m2/repository/io/opentracing/opentracing-api/0.31.0/opentracing-api-0.31.0.jar:/home/danieleverling/.m2/repository/io/opentracing/contrib/opentracing-jaxrs2/0.4.1/opentracing-jaxrs2-0.4.1.jar:/home/danieleverling/.m2/repository/io/opentracing/opentracing-noop/0.31.0/opentracing-noop-0.31.0.jar:/home/danieleverling/.m2/repository/io/opentracing/contrib/opentracing-web-servlet-filter/0.2.3/opentracing-web-servlet-filter-0.2.3.jar:/home/danieleverling/.m2/repository/io/opentracing/contrib/opentracing-concurrent/0.2.0/opentracing-concurrent-0.2.0.jar:/home/danieleverling/.m2/repository/io/opentracing/contrib/opentracing-interceptors/0.0.4/opentracing-interceptors-0.0.4.jar:/home/danieleverling/.m2/repository/io/opentracing/contrib/opentracing-tracerresolver/0.1.8/opentracing-tracerresolver-0.1.8.jar:/home/danieleverling/.m2/repository/io/smallrye/smallrye-fault-tolerance-tracing-propagation/4.2.0/smallrye-fault-tolerance-tracing-propagation-4.2.0.jar:/home/danieleverling/.m2/repository/jakarta/inject/jakarta.inject-api/1.0/jakarta.inject-api-1.0.jar:/home/danieleverling/.m2/repository/io/quarkus/quarkus-jaeger/1.5.0.Final/quarkus-jaeger-1.5.0.Final.jar:/home/danieleverling/.m2/repository/io/jaegertracing/jaeger-core/0.34.0/jaeger-core-0.34.0.jar:/home/danieleverling/.m2/repository/io/opentracing/opentracing-util/0.31.0/opentracing-util-0.31.0.jar:/home/danieleverling/.m2/repository/com/google/code/gson/gson/2.8.5/gson-2.8.5.jar:/home/danieleverling/.m2/repository/io/jaegertracing/jaeger-thrift/0.34.0/jaeger-thrift-0.34.0.jar:/home/danieleverling/.m2/repository/org/apache/thrift/libthrift/0.12.0/libthrift-0.12.0.jar:/home/danieleverling/.m2/repository/com/squareup/okhttp3/okhttp/3.14.6/okhttp-3.14.6.jar:/home/danieleverling/.m2/repository/jakarta/servlet/jakarta.servlet-api/4.0.3/jakarta.servlet-api-4.0.3.jar:/home/danieleverling/.m2/repository/io/quarkus/quarkus-logging-json/1.5.0.Final/quarkus-logging-json-1.5.0.Final.jar:/home/danieleverling/.m2/repository/org/jboss/logmanager/jboss-logmanager-embedded/1.0.4/jboss-logmanager-embedded-1.0.4.jar:/home/danieleverling/.m2/repository/io/quarkus/quarkus-junit5/1.5.0.Final/quarkus-junit5-1.5.0.Final.jar:/home/danieleverling/.m2/repository/io/quarkus/quarkus-bootstrap-core/1.5.0.Final/quarkus-bootstrap-core-1.5.0.Final.jar:/home/danieleverling/.m2/repository/org/ow2/asm/asm/8.0.1/asm-8.0.1.jar:/home/danieleverling/.m2/repository/org/apache/maven/maven-embedder/3.6.3/maven-embedder-3.6.3.jar:/home/danieleverling/.m2/repository/org/apache/maven/maven-settings/3.6.3/maven-settings-3.6.3.jar:/home/danieleverling/.m2/repository/org/apache/maven/maven-core/3.6.3/maven-core-3.6.3.jar:/home/danieleverling/.m2/repository/org/apache/maven/maven-artifact/3.6.2/maven-artifact-3.6.2.jar:/home/danieleverling/.m2/repository/org/codehaus/plexus/plexus-component-annotations/2.1.0/plexus-component-annotations-2.1.0.jar:/home/danieleverling/.m2/repository/org/apache/maven/maven-plugin-api/3.6.3/maven-plugin-api-3.6.3.jar:/home/danieleverling/.m2/repository/org/apache/maven/maven-model/3.6.3/maven-model-3.6.3.jar:/home/danieleverling/.m2/repository/org/apache/maven/maven-model-builder/3.6.3/maven-model-builder-3.6.3.jar:/home/danieleverling/.m2/repository/org/apache/maven/maven-builder-support/3.6.3/maven-builder-support-3.6.3.jar:/home/danieleverling/.m2/repository/org/apache/maven/resolver/maven-resolver-api/1.4.1/maven-resolver-api-1.4.1.jar:/home/danieleverling/.m2/repository/org/apache/maven/resolver/maven-resolver-util/1.4.1/maven-resolver-util-1.4.1.jar:/home/danieleverling/.m2/repository/org/apache/maven/shared/maven-shared-utils/3.2.1/maven-shared-utils-3.2.1.jar:/home/danieleverling/.m2/repository/commons-io/commons-io/2.6/commons-io-2.6.jar:/home/danieleverling/.m2/repository/com/google/inject/guice/4.2.1/guice-4.2.1-no_aop.jar:/home/danieleverling/.m2/repository/org/codehaus/plexus/plexus-utils/3.2.1/plexus-utils-3.2.1.jar:/home/danieleverling/.m2/repository/org/codehaus/plexus/plexus-classworlds/2.5.2/plexus-classworlds-2.5.2.jar:/home/danieleverling/.m2/repository/commons-cli/commons-cli/1.4/commons-cli-1.4.jar:/home/danieleverling/.m2/repository/org/eclipse/sisu/org.eclipse.sisu.plexus/0.3.4/org.eclipse.sisu.plexus-0.3.4.jar:/home/danieleverling/.m2/repository/org/apache/maven/maven-settings-builder/3.6.3/maven-settings-builder-3.6.3.jar:/home/danieleverling/.m2/repository/org/codehaus/plexus/plexus-interpolation/1.25/plexus-interpolation-1.25.jar:/home/danieleverling/.m2/repository/org/sonatype/plexus/plexus-sec-dispatcher/1.4/plexus-sec-dispatcher-1.4.jar:/home/danieleverling/.m2/repository/org/sonatype/plexus/plexus-cipher/1.4/plexus-cipher-1.4.jar:/home/danieleverling/.m2/repository/org/apache/maven/maven-resolver-provider/3.6.3/maven-resolver-provider-3.6.3.jar:/home/danieleverling/.m2/repository/org/apache/maven/maven-repository-metadata/3.6.3/maven-repository-metadata-3.6.3.jar:/home/danieleverling/.m2/repository/org/apache/maven/resolver/maven-resolver-spi/1.4.1/maven-resolver-spi-1.4.1.jar:/home/danieleverling/.m2/repository/org/apache/maven/resolver/maven-resolver-impl/1.4.1/maven-resolver-impl-1.4.1.jar:/home/danieleverling/.m2/repository/org/apache/maven/resolver/maven-resolver-connector-basic/1.4.1/maven-resolver-connector-basic-1.4.1.jar:/home/danieleverling/.m2/repository/org/apache/maven/resolver/maven-resolver-transport-wagon/1.4.1/maven-resolver-transport-wagon-1.4.1.jar:/home/danieleverling/.m2/repository/org/apache/maven/wagon/wagon-http/3.3.4/wagon-http-3.3.4.jar:/home/danieleverling/.m2/repository/org/apache/maven/wagon/wagon-http-shared/3.3.4/wagon-http-shared-3.3.4.jar:/home/danieleverling/.m2/repository/org/jsoup/jsoup/1.12.1/jsoup-1.12.1.jar:/home/danieleverling/.m2/repository/org/apache/httpcomponents/httpclient/4.5.12/httpclient-4.5.12.jar:/home/danieleverling/.m2/repository/commons-codec/commons-codec/1.14/commons-codec-1.14.jar:/home/danieleverling/.m2/repository/org/apache/httpcomponents/httpcore/4.4.13/httpcore-4.4.13.jar:/home/danieleverling/.m2/repository/org/apache/maven/wagon/wagon-provider-api/3.3.4/wagon-provider-api-3.3.4.jar:/home/danieleverling/.m2/repository/org/apache/maven/wagon/wagon-file/3.3.4/wagon-file-3.3.4.jar:/home/danieleverling/.m2/repository/org/jboss/logging/commons-logging-jboss-logging/1.0.0.Final/commons-logging-jboss-logging-1.0.0.Final.jar:/home/danieleverling/.m2/repository/org/eclipse/sisu/org.eclipse.sisu.inject/0.3.4/org.eclipse.sisu.inject-0.3.4.jar:/home/danieleverling/.m2/repository/io/quarkus/quarkus-test-common/1.5.0.Final/quarkus-test-common-1.5.0.Final.jar:/home/danieleverling/.m2/repository/io/quarkus/quarkus-core-deployment/1.5.0.Final/quarkus-core-deployment-1.5.0.Final.jar:/home/danieleverling/.m2/repository/io/quarkus/gizmo/gizmo/1.0.3.Final/gizmo-1.0.3.Final.jar:/home/danieleverling/.m2/repository/org/ow2/asm/asm-util/8.0.1/asm-util-8.0.1.jar:/home/danieleverling/.m2/repository/org/ow2/asm/asm-tree/8.0.1/asm-tree-8.0.1.jar:/home/danieleverling/.m2/repository/org/ow2/asm/asm-analysis/8.0.1/asm-analysis-8.0.1.jar:/home/danieleverling/.m2/repository/io/quarkus/quarkus-builder/1.5.0.Final/quarkus-builder-1.5.0.Final.jar:/home/danieleverling/.m2/repository/io/quarkus/quarkus-jsonp-deployment/1.5.0.Final/quarkus-jsonp-deployment-1.5.0.Final.jar:/home/danieleverling/.m2/repository/org/junit/jupiter/junit-jupiter/5.6.2/junit-jupiter-5.6.2.jar:/home/danieleverling/.m2/repository/org/junit/jupiter/junit-jupiter-api/5.6.2/junit-jupiter-api-5.6.2.jar:/home/danieleverling/.m2/repository/org/apiguardian/apiguardian-api/1.1.0/apiguardian-api-1.1.0.jar:/home/danieleverling/.m2/repository/org/opentest4j/opentest4j/1.2.0/opentest4j-1.2.0.jar:/home/danieleverling/.m2/repository/org/junit/platform/junit-platform-commons/1.6.2/junit-platform-commons-1.6.2.jar:/home/danieleverling/.m2/repository/org/junit/jupiter/junit-jupiter-params/5.6.2/junit-jupiter-params-5.6.2.jar:/home/danieleverling/.m2/repository/org/junit/jupiter/junit-jupiter-engine/5.6.2/junit-jupiter-engine-5.6.2.jar:/home/danieleverling/.m2/repository/org/junit/platform/junit-platform-engine/1.6.2/junit-platform-engine-1.6.2.jar:/home/danieleverling/.m2/repository/com/thoughtworks/xstream/xstream/1.4.11.1/xstream-1.4.11.1.jar:/home/danieleverling/.m2/repository/xmlpull/xmlpull/1.1.3.1/xmlpull-1.1.3.1.jar:/home/danieleverling/.m2/repository/xpp3/xpp3_min/1.1.4c/xpp3_min-1.1.4c.jar:/home/danieleverling/.m2/repository/com/nhaarman/mockito-kotlin/1.6.0/mockito-kotlin-1.6.0.jar:/home/danieleverling/.m2/repository/org/mockito/mockito-core/3.3.3/mockito-core-3.3.3.jar:/home/danieleverling/.m2/repository/net/bytebuddy/byte-buddy/1.10.5/byte-buddy-1.10.5.jar:/home/danieleverling/.m2/repository/net/bytebuddy/byte-buddy-agent/1.10.5/byte-buddy-agent-1.10.5.jar:/home/danieleverling/.m2/repository/org/objenesis/objenesis/2.6/objenesis-2.6.jar:/home/danieleverling/.m2/repository/org/amshove/kluent/kluent/1.61/kluent-1.61.jar:/home/danieleverling/.m2/repository/org/amshove/kluent/kluent-common/1.61/kluent-common-1.61.jar:/home/danieleverling/.m2/repository/org/jetbrains/kotlin/kotlin-test-common/1.3.50/kotlin-test-common-1.3.50.jar:/home/danieleverling/.m2/repository/org/jetbrains/kotlin/kotlin-test/1.3.50/kotlin-test-1.3.50.jar:/home/danieleverling/.m2/repository/junit/junit/4.12/junit-4.12.jar:/home/danieleverling/.m2/repository/org/hamcrest/hamcrest-core/1.3/hamcrest-core-1.3.jar:/home/danieleverling/.m2/repository/com/nhaarman/mockitokotlin2/mockito-kotlin/2.1.0/mockito-kotlin-2.1.0.jar:/home/danieleverling/.m2/repository/com/squareup/okhttp/okhttp/2.7.5/okhttp-2.7.5.jar:/home/danieleverling/.m2/repository/com/squareup/okio/okio/1.17.2/okio-1.17.2.jar:/home/danieleverling/.m2/repository/org/skyscreamer/jsonassert/1.5.0/jsonassert-1.5.0.jar:/home/danieleverling/.m2/repository/com/vaadin/external/google/android-json/0.0.20131108.vaadin1/android-json-0.0.20131108.vaadin1.jar:"/>
    <property name="sun.cpu.endian" value="little"/>
    <property name="user.home" value="/home/danieleverling"/>
    <property name="user.language" value="en"/>
    <property name="java.specification.vendor" value="Oracle Corporation"/>
    <property name="java.version.date" value="2019-10-15"/>
    <property name="java.home" value="/home/danieleverling/.sdkman/candidates/java/13.0.1-open"/>
    <property name="file.separator" value="/"/>
    <property name="basedir" value="/home/danieleverling/project/pocs/learning-ddd-crqs-kotllin-quarkus/crosscutting"/>
    <property name="java.vm.compressedOopsMode" value="Zero based"/>
    <property name="line.separator" value="&#10;"/>
    <property name="java.vm.specification.vendor" value="Oracle Corporation"/>
    <property name="java.specification.name" value="Java Platform API Specification"/>
    <property name="surefire.real.class.path" value="/home/danieleverling/project/pocs/learning-ddd-crqs-kotllin-quarkus/crosscutting/target/surefire/surefirebooter3482921084124493412.jar"/>
    <property name="sun.management.compiler" value="HotSpot 64-Bit Tiered Compilers"/>
    <property name="java.runtime.version" value="13.0.1+9"/>
    <property name="user.name" value="danieleverling"/>
    <property name="path.separator" value=":"/>
    <property name="os.version" value="5.3.0-59-generic"/>
    <property name="java.runtime.name" value="OpenJDK Runtime Environment"/>
    <property name="file.encoding" value="UTF-8"/>
    <property name="java.vm.name" value="OpenJDK 64-Bit Server VM"/>
    <property name="localRepository" value="/home/danieleverling/.m2/repository"/>
    <property name="java.vendor.url.bug" value="https://bugreport.java.com/bugreport/"/>
    <property name="java.io.tmpdir" value="/tmp"/>
    <property name="java.version" value="13.0.1"/>
    <property name="user.dir" value="/home/danieleverling/project/pocs/learning-ddd-crqs-kotllin-quarkus/crosscutting"/>
    <property name="os.arch" value="amd64"/>
    <property name="java.vm.specification.name" value="Java Virtual Machine Specification"/>
    <property name="user.language.format" value="pt"/>
    <property name="java.util.logging.manager" value="org.jboss.logmanager.LogManager"/>
    <property name="java.library.path" value="/usr/java/packages/lib:/usr/lib64:/lib64:/lib:/usr/lib"/>
    <property name="java.vm.info" value="mixed mode, sharing"/>
    <property name="java.vendor" value="Oracle Corporation"/>
    <property name="java.vm.version" value="13.0.1+9"/>
    <property name="sun.io.unicode.encoding" value="UnicodeLittle"/>
    <property name="java.class.version" value="57.0"/>
  </properties>
  <testcase name="should validate behavior to domain invalid handler" classname="com.cross.events.EntityNotFountEventHandlerTest" time="0.674"/>
</testsuite>